<?xml version="1.0" encoding="UTF-8"?>
<!-- Generated by org.testng.reporters.JUnitReportReporter -->
<testsuite name="com.iddataweb.axn.automation.ge.testCoverag_Trulioo_c02" tests="20" time="321.445" ignored="0" failures="0" timestamp="03 Aug 2017 13:24:32 GMT" skipped="0" hostname="IDW-DALILA" errors="1">
  <testcase name="testCoveragTruliooc02" time="11.731" classname="com.iddataweb.axn.automation.ge.testCoverag_Trulioo_c02"/>
  <testcase name="testCoveragTruliooc02" time="10.984" classname="com.iddataweb.axn.automation.ge.testCoverag_Trulioo_c02"/>
  <testcase name="testCoveragTruliooc02" time="18.855" classname="com.iddataweb.axn.automation.ge.testCoverag_Trulioo_c02"/>
  <testcase name="testCoveragTruliooc02" time="10.784" classname="com.iddataweb.axn.automation.ge.testCoverag_Trulioo_c02"/>
  <testcase name="testCoveragTruliooc02" time="13.461" classname="com.iddataweb.axn.automation.ge.testCoverag_Trulioo_c02"/>
  <testcase name="testCoveragTruliooc02" time="11.080" classname="com.iddataweb.axn.automation.ge.testCoverag_Trulioo_c02"/>
  <testcase name="testCoveragTruliooc02" time="14.437" classname="com.iddataweb.axn.automation.ge.testCoverag_Trulioo_c02"/>
  <testcase name="testCoveragTruliooc02" time="15.257" classname="com.iddataweb.axn.automation.ge.testCoverag_Trulioo_c02"/>
  <testcase name="testCoveragTruliooc02" time="14.659" classname="com.iddataweb.axn.automation.ge.testCoverag_Trulioo_c02"/>
  <testcase name="testCoveragTruliooc02" time="14.547" classname="com.iddataweb.axn.automation.ge.testCoverag_Trulioo_c02"/>
  <testcase name="testCoveragTruliooc02" time="10.577" classname="com.iddataweb.axn.automation.ge.testCoverag_Trulioo_c02"/>
  <testcase name="testCoveragTruliooc02" time="16.486" classname="com.iddataweb.axn.automation.ge.testCoverag_Trulioo_c02"/>
  <testcase name="testCoveragTruliooc02" time="14.036" classname="com.iddataweb.axn.automation.ge.testCoverag_Trulioo_c02"/>
  <testcase name="testCoveragTruliooc02" time="16.387" classname="com.iddataweb.axn.automation.ge.testCoverag_Trulioo_c02"/>
  <testcase name="testCoveragTruliooc02" time="10.799" classname="com.iddataweb.axn.automation.ge.testCoverag_Trulioo_c02"/>
  <testcase name="testCoveragTruliooc02" time="13.501" classname="com.iddataweb.axn.automation.ge.testCoverag_Trulioo_c02"/>
  <testcase name="testCoveragTruliooc02" time="12.808" classname="com.iddataweb.axn.automation.ge.testCoverag_Trulioo_c02"/>
  <testcase name="testCoveragTruliooc02" time="13.097" classname="com.iddataweb.axn.automation.ge.testCoverag_Trulioo_c02"/>
  <testcase name="testCoveragTruliooc02" time="66.979" classname="com.iddataweb.axn.automation.ge.testCoverag_Trulioo_c02">
    <error type="org.openqa.selenium.ElementNotVisibleException" message="element not visible
  (Session info: chrome=59.0.3071.115)
  (Driver info: chromedriver=2.28.455520 (cc17746adff54984afff480136733114c6b3704b),platform=Windows NT 10.0.15063 x86_64) (WARNING: The server did not provide any stacktrace information)
Command duration or timeout: 60.11 seconds
Build info: version: &#039;3.0.1&#039;, revision: &#039;1969d75&#039;, time: &#039;2016-10-18 09:49:13 -0700&#039;
System info: host: &#039;IDW-DALILA&#039;, ip: &#039;192.168.1.168&#039;, os.name: &#039;Windows 10&#039;, os.arch: &#039;amd64&#039;, os.version: &#039;10.0&#039;, java.version: &#039;1.8.0_121&#039;
Driver info: org.openqa.selenium.chrome.ChromeDriver
Capabilities [{applicationCacheEnabled=false, rotatable=false, mobileEmulationEnabled=false, networkConnectionEnabled=false, chrome={chromedriverVersion=2.28.455520 (cc17746adff54984afff480136733114c6b3704b), userDataDir=C:\Users\DALILA~1\AppData\Local\Temp\scoped_dir35248_933}, takesHeapSnapshot=true, pageLoadStrategy=normal, databaseEnabled=false, handlesAlerts=true, hasTouchScreen=false, version=59.0.3071.115, platform=XP, browserConnectionEnabled=false, nativeEvents=true, acceptSslCerts=true, locationContextEnabled=true, webStorageEnabled=true, browserName=chrome, takesScreenshot=true, javascriptEnabled=true, cssSelectorsEnabled=true, unexpectedAlertBehaviour=}]
Session ID: 1f687ac6662facab4c242951f21f43fd">
      <![CDATA[org.openqa.selenium.ElementNotVisibleException: element not visible
  (Session info: chrome=59.0.3071.115)
  (Driver info: chromedriver=2.28.455520 (cc17746adff54984afff480136733114c6b3704b),platform=Windows NT 10.0.15063 x86_64) (WARNING: The server did not provide any stacktrace information)
Command duration or timeout: 60.11 seconds
Build info: version: '3.0.1', revision: '1969d75', time: '2016-10-18 09:49:13 -0700'
System info: host: 'IDW-DALILA', ip: '192.168.1.168', os.name: 'Windows 10', os.arch: 'amd64', os.version: '10.0', java.version: '1.8.0_121'
Driver info: org.openqa.selenium.chrome.ChromeDriver
Capabilities [{applicationCacheEnabled=false, rotatable=false, mobileEmulationEnabled=false, networkConnectionEnabled=false, chrome={chromedriverVersion=2.28.455520 (cc17746adff54984afff480136733114c6b3704b), userDataDir=C:\Users\DALILA~1\AppData\Local\Temp\scoped_dir35248_933}, takesHeapSnapshot=true, pageLoadStrategy=normal, databaseEnabled=false, handlesAlerts=true, hasTouchScreen=false, version=59.0.3071.115, platform=XP, browserConnectionEnabled=false, nativeEvents=true, acceptSslCerts=true, locationContextEnabled=true, webStorageEnabled=true, browserName=chrome, takesScreenshot=true, javascriptEnabled=true, cssSelectorsEnabled=true, unexpectedAlertBehaviour=}]
Session ID: 1f687ac6662facab4c242951f21f43fd
	at sun.reflect.NativeConstructorAccessorImpl.newInstance0(Native Method)
	at sun.reflect.NativeConstructorAccessorImpl.newInstance(Unknown Source)
	at sun.reflect.DelegatingConstructorAccessorImpl.newInstance(Unknown Source)
	at java.lang.reflect.Constructor.newInstance(Unknown Source)
	at org.openqa.selenium.remote.ErrorHandler.createThrowable(ErrorHandler.java:216)
	at org.openqa.selenium.remote.ErrorHandler.throwIfResponseFailed(ErrorHandler.java:168)
	at org.openqa.selenium.remote.RemoteWebDriver.execute(RemoteWebDriver.java:635)
	at org.openqa.selenium.remote.RemoteWebElement.execute(RemoteWebElement.java:274)
	at org.openqa.selenium.remote.RemoteWebElement.sendKeys(RemoteWebElement.java:98)
	at sun.reflect.GeneratedMethodAccessor6.invoke(Unknown Source)
	at sun.reflect.DelegatingMethodAccessorImpl.invoke(Unknown Source)
	at java.lang.reflect.Method.invoke(Unknown Source)
	at org.openqa.selenium.support.events.EventFiringWebDriver$EventFiringWebElement$1.invoke(EventFiringWebDriver.java:331)
	at com.sun.proxy.$Proxy9.sendKeys(Unknown Source)
	at org.openqa.selenium.support.events.EventFiringWebDriver$EventFiringWebElement.sendKeys(EventFiringWebDriver.java:354)
	at sun.reflect.GeneratedMethodAccessor6.invoke(Unknown Source)
	at sun.reflect.DelegatingMethodAccessorImpl.invoke(Unknown Source)
	at java.lang.reflect.Method.invoke(Unknown Source)
	at org.openqa.selenium.support.pagefactory.internal.LocatingElementHandler.invoke(LocatingElementHandler.java:51)
	at com.sun.proxy.$Proxy8.sendKeys(Unknown Source)
	at com.iddataweb.axn.automation.uiActions.webelements.secondformtrulioo_co2(webelements.java:399)
	at com.iddataweb.axn.automation.ge.testCoverag_Trulioo_c02.testCoveragTruliooc02(testCoverag_Trulioo_c02.java:39)
	at sun.reflect.NativeMethodAccessorImpl.invoke0(Native Method)
	at sun.reflect.NativeMethodAccessorImpl.invoke(Unknown Source)
	at sun.reflect.DelegatingMethodAccessorImpl.invoke(Unknown Source)
	at java.lang.reflect.Method.invoke(Unknown Source)
	at org.testng.internal.MethodInvocationHelper.invokeMethod(MethodInvocationHelper.java:104)
	at org.testng.internal.Invoker.invokeMethod(Invoker.java:645)
	at org.testng.internal.Invoker.invokeTestMethod(Invoker.java:851)
	at org.testng.internal.Invoker.invokeTestMethods(Invoker.java:1177)
	at org.testng.internal.TestMethodWorker.invokeTestMethods(TestMethodWorker.java:129)
	at org.testng.internal.TestMethodWorker.run(TestMethodWorker.java:112)
	at org.testng.TestRunner.privateRun(TestRunner.java:756)
	at org.testng.TestRunner.run(TestRunner.java:610)
	at org.testng.SuiteRunner.runTest(SuiteRunner.java:387)
	at org.testng.SuiteRunner.runSequentially(SuiteRunner.java:382)
	at org.testng.SuiteRunner.privateRun(SuiteRunner.java:340)
	at org.testng.SuiteRunner.run(SuiteRunner.java:289)
	at org.testng.SuiteRunnerWorker.runSuite(SuiteRunnerWorker.java:52)
	at org.testng.SuiteRunnerWorker.run(SuiteRunnerWorker.java:86)
	at org.testng.TestNG.runSuitesSequentially(TestNG.java:1293)
	at org.testng.TestNG.runSuitesLocally(TestNG.java:1218)
	at org.testng.TestNG.runSuites(TestNG.java:1133)
	at org.testng.TestNG.run(TestNG.java:1104)
	at org.testng.remote.AbstractRemoteTestNG.run(AbstractRemoteTestNG.java:132)
	at org.testng.remote.RemoteTestNG.initAndRun(RemoteTestNG.java:230)
	at org.testng.remote.RemoteTestNG.main(RemoteTestNG.java:76)
]]>
    </error>
  </testcase> <!-- testCoveragTruliooc02 -->
  <testcase name="testCoveragTruliooc02" time="10.980" classname="com.iddataweb.axn.automation.ge.testCoverag_Trulioo_c02"/>
</testsuite> <!-- com.iddataweb.axn.automation.ge.testCoverag_Trulioo_c02 -->
